ARM GAS  F:\TEMP\ccyHpLyy.s 			page 1


   1              		.cpu cortex-m3
   2              		.eabi_attribute 20, 1
   3              		.eabi_attribute 21, 1
   4              		.eabi_attribute 23, 3
   5              		.eabi_attribute 24, 1
   6              		.eabi_attribute 25, 1
   7              		.eabi_attribute 26, 1
   8              		.eabi_attribute 30, 1
   9              		.eabi_attribute 34, 1
  10              		.eabi_attribute 18, 4
  11              		.file	"hwIndependentFunctions.c"
  12              		.text
  13              		.section	.text.checkHexFormat,"ax",%progbits
  14              		.align	1
  15              		.global	checkHexFormat
  16              		.arch armv7-m
  17              		.syntax unified
  18              		.thumb
  19              		.thumb_func
  20              		.fpu softvfp
  22              	checkHexFormat:
  23              		@ args = 0, pretend = 0, frame = 0
  24              		@ frame_needed = 0, uses_anonymous_args = 0
  25              		@ link register save eliminated.
  26 0000 10B4     		push	{r4}
  27 0002 79B1     		cbz	r1, .L5
  28 0004 431E     		subs	r3, r0, #1
  29 0006 0844     		add	r0, r0, r1
  30 0008 441E     		subs	r4, r0, #1
  31 000a 0020     		movs	r0, #0
  32 000c 0649     		ldr	r1, .L8
  33              	.L4:
  34 000e 13F8012F 		ldrb	r2, [r3, #1]!	@ zero_extendqisi2
  35 0012 525C     		ldrb	r2, [r2, r1]	@ zero_extendqisi2
  36 0014 12F0440F 		tst	r2, #68
  37 0018 08BF     		it	eq
  38 001a 0130     		addeq	r0, r0, #1
  39 001c A342     		cmp	r3, r4
  40 001e F6D1     		bne	.L4
  41              	.L1:
  42 0020 10BC     		pop	{r4}
  43 0022 7047     		bx	lr
  44              	.L5:
  45 0024 0846     		mov	r0, r1
  46 0026 FBE7     		b	.L1
  47              	.L9:
  48              		.align	2
  49              	.L8:
  50 0028 01000000 		.word	_ctype_+1
  52              		.section	.text.checkRange,"ax",%progbits
  53              		.align	1
  54              		.global	checkRange
  55              		.syntax unified
  56              		.thumb
  57              		.thumb_func
  58              		.fpu softvfp
  60              	checkRange:
ARM GAS  F:\TEMP\ccyHpLyy.s 			page 2


  61              		@ args = 0, pretend = 0, frame = 0
  62              		@ frame_needed = 0, uses_anonymous_args = 0
  63              		@ link register save eliminated.
  64 0000 8842     		cmp	r0, r1
  65 0002 94BF     		ite	ls
  66 0004 0020     		movls	r0, #0
  67 0006 0120     		movhi	r0, #1
  68 0008 7047     		bx	lr
  70              		.section	.text.checkParity,"ax",%progbits
  71              		.align	1
  72              		.global	checkParity
  73              		.syntax unified
  74              		.thumb
  75              		.thumb_func
  76              		.fpu softvfp
  78              	checkParity:
  79              		@ args = 0, pretend = 0, frame = 0
  80              		@ frame_needed = 0, uses_anonymous_args = 0
  81              		@ link register save eliminated.
  82 0000 00F00100 		and	r0, r0, #1
  83 0004 7047     		bx	lr
  85              		.ident	"GCC: (GNU MCU Eclipse ARM Embedded GCC, 64-bit) 8.2.1 20181213 (release) [gcc-8-branch rev
ARM GAS  F:\TEMP\ccyHpLyy.s 			page 3


DEFINED SYMBOLS
                            *ABS*:0000000000000000 hwIndependentFunctions.c
  F:\TEMP\ccyHpLyy.s:14     .text.checkHexFormat:0000000000000000 $t
  F:\TEMP\ccyHpLyy.s:22     .text.checkHexFormat:0000000000000000 checkHexFormat
  F:\TEMP\ccyHpLyy.s:50     .text.checkHexFormat:0000000000000028 $d
  F:\TEMP\ccyHpLyy.s:53     .text.checkRange:0000000000000000 $t
  F:\TEMP\ccyHpLyy.s:60     .text.checkRange:0000000000000000 checkRange
  F:\TEMP\ccyHpLyy.s:71     .text.checkParity:0000000000000000 $t
  F:\TEMP\ccyHpLyy.s:78     .text.checkParity:0000000000000000 checkParity

UNDEFINED SYMBOLS
_ctype_
