ARM GAS  F:\TEMP\ccoqv2Lv.s 			page 1


   1              		.cpu cortex-m3
   2              		.eabi_attribute 20, 1
   3              		.eabi_attribute 21, 1
   4              		.eabi_attribute 23, 3
   5              		.eabi_attribute 24, 1
   6              		.eabi_attribute 25, 1
   7              		.eabi_attribute 26, 1
   8              		.eabi_attribute 30, 1
   9              		.eabi_attribute 34, 1
  10              		.eabi_attribute 18, 4
  11              		.file	"init_stm32f103.c"
  12              		.text
  13              		.section	.text.initUSART1_19200,"ax",%progbits
  14              		.align	1
  15              		.global	initUSART1_19200
  16              		.arch armv7-m
  17              		.syntax unified
  18              		.thumb
  19              		.thumb_func
  20              		.fpu softvfp
  22              	initUSART1_19200:
  23              		@ args = 0, pretend = 0, frame = 0
  24              		@ frame_needed = 0, uses_anonymous_args = 0
  25              		@ link register save eliminated.
  26 0000 174A     		ldr	r2, .L2
  27 0002 9369     		ldr	r3, [r2, #24]
  28 0004 43F48043 		orr	r3, r3, #16384
  29 0008 9361     		str	r3, [r2, #24]
  30 000a A2F55842 		sub	r2, r2, #55296
  31 000e 40F6A663 		movw	r3, #3750
  32 0012 1381     		strh	r3, [r2, #8]	@ movhi
  33 0014 9389     		ldrh	r3, [r2, #12]
  34 0016 43F40053 		orr	r3, r3, #8192
  35 001a 43F00C03 		orr	r3, r3, #12
  36 001e 9381     		strh	r3, [r2, #12]	@ movhi
  37 0020 104B     		ldr	r3, .L2+4
  38 0022 5968     		ldr	r1, [r3, #4]
  39 0024 21F0C001 		bic	r1, r1, #192
  40 0028 5960     		str	r1, [r3, #4]
  41 002a 5968     		ldr	r1, [r3, #4]
  42 002c 41F08001 		orr	r1, r1, #128
  43 0030 5960     		str	r1, [r3, #4]
  44 0032 5968     		ldr	r1, [r3, #4]
  45 0034 41F01001 		orr	r1, r1, #16
  46 0038 5960     		str	r1, [r3, #4]
  47 003a 5968     		ldr	r1, [r3, #4]
  48 003c 21F44061 		bic	r1, r1, #3072
  49 0040 5960     		str	r1, [r3, #4]
  50 0042 5968     		ldr	r1, [r3, #4]
  51 0044 41F40061 		orr	r1, r1, #2048
  52 0048 5960     		str	r1, [r3, #4]
  53 004a 5968     		ldr	r1, [r3, #4]
  54 004c 21F44071 		bic	r1, r1, #768
  55 0050 5960     		str	r1, [r3, #4]
  56 0052 1388     		ldrh	r3, [r2]
  57 0054 23F04003 		bic	r3, r3, #64
  58 0058 1B04     		lsls	r3, r3, #16
ARM GAS  F:\TEMP\ccoqv2Lv.s 			page 2


  59 005a 1B0C     		lsrs	r3, r3, #16
  60 005c 1380     		strh	r3, [r2]	@ movhi
  61 005e 7047     		bx	lr
  62              	.L3:
  63              		.align	2
  64              	.L2:
  65 0060 00100240 		.word	1073876992
  66 0064 00080140 		.word	1073809408
  68              		.section	.text.initIRQHandler,"ax",%progbits
  69              		.align	1
  70              		.global	initIRQHandler
  71              		.syntax unified
  72              		.thumb
  73              		.thumb_func
  74              		.fpu softvfp
  76              	initIRQHandler:
  77              		@ args = 0, pretend = 0, frame = 0
  78              		@ frame_needed = 0, uses_anonymous_args = 0
  79              		@ link register save eliminated.
  80              		.syntax unified
  81              	@ 198 "CMSIS/include/cmsis_gcc.h" 1
  82 0000 62B6     		cpsie i
  83              	@ 0 "" 2
  84              		.thumb
  85              		.syntax unified
  86 0002 064B     		ldr	r3, .L5
  87 0004 2022     		movs	r2, #32
  88 0006 5A60     		str	r2, [r3, #4]
  89 0008 0022     		movs	r2, #0
  90 000a 83F82523 		strb	r2, [r3, #805]
  91 000e 044A     		ldr	r2, .L5+4
  92 0010 9389     		ldrh	r3, [r2, #12]
  93 0012 43F02003 		orr	r3, r3, #32
  94 0016 9381     		strh	r3, [r2, #12]	@ movhi
  95 0018 7047     		bx	lr
  96              	.L6:
  97 001a 00BF     		.align	2
  98              	.L5:
  99 001c 00E100E0 		.word	-536813312
 100 0020 00380140 		.word	1073821696
 102              		.section	.text.initTIM1_msTimer,"ax",%progbits
 103              		.align	1
 104              		.global	initTIM1_msTimer
 105              		.syntax unified
 106              		.thumb
 107              		.thumb_func
 108              		.fpu softvfp
 110              	initTIM1_msTimer:
 111              		@ args = 0, pretend = 0, frame = 0
 112              		@ frame_needed = 0, uses_anonymous_args = 0
 113              		@ link register save eliminated.
 114 0000 164A     		ldr	r2, .L8
 115 0002 9369     		ldr	r3, [r2, #24]
 116 0004 43F40063 		orr	r3, r3, #2048
 117 0008 9361     		str	r3, [r2, #24]
 118 000a 154B     		ldr	r3, .L8+4
 119 000c 1A88     		ldrh	r2, [r3]
ARM GAS  F:\TEMP\ccoqv2Lv.s 			page 3


 120 000e 42F08002 		orr	r2, r2, #128
 121 0012 1A80     		strh	r2, [r3]	@ movhi
 122 0014 1A88     		ldrh	r2, [r3]
 123 0016 22F00802 		bic	r2, r2, #8
 124 001a 1204     		lsls	r2, r2, #16
 125 001c 120C     		lsrs	r2, r2, #16
 126 001e 1A80     		strh	r2, [r3]	@ movhi
 127 0020 1A88     		ldrh	r2, [r3]
 128 0022 22F01002 		bic	r2, r2, #16
 129 0026 1204     		lsls	r2, r2, #16
 130 0028 120C     		lsrs	r2, r2, #16
 131 002a 1A80     		strh	r2, [r3]	@ movhi
 132 002c 1A88     		ldrh	r2, [r3]
 133 002e 42F00402 		orr	r2, r2, #4
 134 0032 1A80     		strh	r2, [r3]	@ movhi
 135 0034 0021     		movs	r1, #0
 136 0036 9981     		strh	r1, [r3, #12]	@ movhi
 137 0038 0A4A     		ldr	r2, .L8+8
 138 003a 1268     		ldr	r2, [r2]
 139 003c 0A48     		ldr	r0, .L8+12
 140 003e A0FB0202 		umull	r0, r2, r0, r2
 141 0042 D209     		lsrs	r2, r2, #7
 142 0044 013A     		subs	r2, r2, #1
 143 0046 92B2     		uxth	r2, r2
 144 0048 1A85     		strh	r2, [r3, #40]	@ movhi
 145 004a 1A88     		ldrh	r2, [r3]
 146 004c 22F00102 		bic	r2, r2, #1
 147 0050 1204     		lsls	r2, r2, #16
 148 0052 120C     		lsrs	r2, r2, #16
 149 0054 1A80     		strh	r2, [r3]	@ movhi
 150 0056 9984     		strh	r1, [r3, #36]	@ movhi
 151 0058 7047     		bx	lr
 152              	.L9:
 153 005a 00BF     		.align	2
 154              	.L8:
 155 005c 00100240 		.word	1073876992
 156 0060 002C0140 		.word	1073818624
 157 0064 00000000 		.word	SystemCoreClock
 158 0068 D34D6210 		.word	274877907
 160              		.section	.text.initTIM3CH2_externalCounter,"ax",%progbits
 161              		.align	1
 162              		.global	initTIM3CH2_externalCounter
 163              		.syntax unified
 164              		.thumb
 165              		.thumb_func
 166              		.fpu softvfp
 168              	initTIM3CH2_externalCounter:
 169              		@ args = 0, pretend = 0, frame = 0
 170              		@ frame_needed = 0, uses_anonymous_args = 0
 171              		@ link register save eliminated.
 172 0000 2A4A     		ldr	r2, .L11
 173 0002 5368     		ldr	r3, [r2, #4]
 174 0004 43F40063 		orr	r3, r3, #2048
 175 0008 5360     		str	r3, [r2, #4]
 176 000a 02F58832 		add	r2, r2, #69632
 177 000e D369     		ldr	r3, [r2, #28]
 178 0010 43F00203 		orr	r3, r3, #2
ARM GAS  F:\TEMP\ccoqv2Lv.s 			page 4


 179 0014 D361     		str	r3, [r2, #28]
 180 0016 264B     		ldr	r3, .L11+4
 181 0018 1A88     		ldrh	r2, [r3]
 182 001a 42F08002 		orr	r2, r2, #128
 183 001e 1A80     		strh	r2, [r3]	@ movhi
 184 0020 1A88     		ldrh	r2, [r3]
 185 0022 22F00802 		bic	r2, r2, #8
 186 0026 1204     		lsls	r2, r2, #16
 187 0028 120C     		lsrs	r2, r2, #16
 188 002a 1A80     		strh	r2, [r3]	@ movhi
 189 002c 0021     		movs	r1, #0
 190 002e 9981     		strh	r1, [r3, #12]	@ movhi
 191 0030 1985     		strh	r1, [r3, #40]	@ movhi
 192 0032 1A8B     		ldrh	r2, [r3, #24]
 193 0034 42F48072 		orr	r2, r2, #256
 194 0038 1A83     		strh	r2, [r3, #24]	@ movhi
 195 003a 1A8B     		ldrh	r2, [r3, #24]
 196 003c 22F40072 		bic	r2, r2, #512
 197 0040 1204     		lsls	r2, r2, #16
 198 0042 120C     		lsrs	r2, r2, #16
 199 0044 1A83     		strh	r2, [r3, #24]	@ movhi
 200 0046 1A8B     		ldrh	r2, [r3, #24]
 201 0048 42F40042 		orr	r2, r2, #32768
 202 004c 1A83     		strh	r2, [r3, #24]	@ movhi
 203 004e 1A8C     		ldrh	r2, [r3, #32]
 204 0050 22F02002 		bic	r2, r2, #32
 205 0054 1204     		lsls	r2, r2, #16
 206 0056 120C     		lsrs	r2, r2, #16
 207 0058 1A84     		strh	r2, [r3, #32]	@ movhi
 208 005a 1A89     		ldrh	r2, [r3, #8]
 209 005c 42F00702 		orr	r2, r2, #7
 210 0060 1A81     		strh	r2, [r3, #8]	@ movhi
 211 0062 1A89     		ldrh	r2, [r3, #8]
 212 0064 22F01002 		bic	r2, r2, #16
 213 0068 1204     		lsls	r2, r2, #16
 214 006a 120C     		lsrs	r2, r2, #16
 215 006c 1A81     		strh	r2, [r3, #8]	@ movhi
 216 006e 1A89     		ldrh	r2, [r3, #8]
 217 0070 42F02002 		orr	r2, r2, #32
 218 0074 1A81     		strh	r2, [r3, #8]	@ movhi
 219 0076 1A89     		ldrh	r2, [r3, #8]
 220 0078 42F04002 		orr	r2, r2, #64
 221 007c 1A81     		strh	r2, [r3, #8]	@ movhi
 222 007e 1A88     		ldrh	r2, [r3]
 223 0080 42F00402 		orr	r2, r2, #4
 224 0084 1A80     		strh	r2, [r3]	@ movhi
 225 0086 9A8C     		ldrh	r2, [r3, #36]
 226 0088 9984     		strh	r1, [r3, #36]	@ movhi
 227 008a 0722     		movs	r2, #7
 228 008c 9A85     		strh	r2, [r3, #44]	@ movhi
 229 008e 1A88     		ldrh	r2, [r3]
 230 0090 22F00102 		bic	r2, r2, #1
 231 0094 1204     		lsls	r2, r2, #16
 232 0096 120C     		lsrs	r2, r2, #16
 233 0098 1A80     		strh	r2, [r3]	@ movhi
 234 009a 1A88     		ldrh	r2, [r3]
 235 009c 42F00402 		orr	r2, r2, #4
ARM GAS  F:\TEMP\ccoqv2Lv.s 			page 5


 236 00a0 1A80     		strh	r2, [r3]	@ movhi
 237 00a2 1A88     		ldrh	r2, [r3]
 238 00a4 42F00102 		orr	r2, r2, #1
 239 00a8 1A80     		strh	r2, [r3]	@ movhi
 240 00aa 7047     		bx	lr
 241              	.L12:
 242              		.align	2
 243              	.L11:
 244 00ac 00000140 		.word	1073807360
 245 00b0 00040040 		.word	1073742848
 247              		.ident	"GCC: (GNU MCU Eclipse ARM Embedded GCC, 64-bit) 8.2.1 20181213 (release) [gcc-8-branch rev
ARM GAS  F:\TEMP\ccoqv2Lv.s 			page 6


DEFINED SYMBOLS
                            *ABS*:0000000000000000 init_stm32f103.c
  F:\TEMP\ccoqv2Lv.s:14     .text.initUSART1_19200:0000000000000000 $t
  F:\TEMP\ccoqv2Lv.s:22     .text.initUSART1_19200:0000000000000000 initUSART1_19200
  F:\TEMP\ccoqv2Lv.s:65     .text.initUSART1_19200:0000000000000060 $d
  F:\TEMP\ccoqv2Lv.s:69     .text.initIRQHandler:0000000000000000 $t
  F:\TEMP\ccoqv2Lv.s:76     .text.initIRQHandler:0000000000000000 initIRQHandler
  F:\TEMP\ccoqv2Lv.s:99     .text.initIRQHandler:000000000000001c $d
  F:\TEMP\ccoqv2Lv.s:103    .text.initTIM1_msTimer:0000000000000000 $t
  F:\TEMP\ccoqv2Lv.s:110    .text.initTIM1_msTimer:0000000000000000 initTIM1_msTimer
  F:\TEMP\ccoqv2Lv.s:155    .text.initTIM1_msTimer:000000000000005c $d
  F:\TEMP\ccoqv2Lv.s:161    .text.initTIM3CH2_externalCounter:0000000000000000 $t
  F:\TEMP\ccoqv2Lv.s:168    .text.initTIM3CH2_externalCounter:0000000000000000 initTIM3CH2_externalCounter
  F:\TEMP\ccoqv2Lv.s:244    .text.initTIM3CH2_externalCounter:00000000000000ac $d

UNDEFINED SYMBOLS
SystemCoreClock
