ARM GAS  F:\TEMP\ccdz9FYd.s 			page 1


   1              		.cpu cortex-m3
   2              		.eabi_attribute 20, 1
   3              		.eabi_attribute 21, 1
   4              		.eabi_attribute 23, 3
   5              		.eabi_attribute 24, 1
   6              		.eabi_attribute 25, 1
   7              		.eabi_attribute 26, 1
   8              		.eabi_attribute 30, 1
   9              		.eabi_attribute 34, 1
  10              		.eabi_attribute 18, 4
  11              		.file	"system_stm32f10x.c"
  12              		.text
  13              		.section	.text.SystemInit,"ax",%progbits
  14              		.align	1
  15              		.global	SystemInit
  16              		.arch armv7-m
  17              		.syntax unified
  18              		.thumb
  19              		.thumb_func
  20              		.fpu softvfp
  22              	SystemInit:
  23              		@ args = 0, pretend = 0, frame = 8
  24              		@ frame_needed = 0, uses_anonymous_args = 0
  25              		@ link register save eliminated.
  26 0000 82B0     		sub	sp, sp, #8
  27 0002 3C4B     		ldr	r3, .L14
  28 0004 1A68     		ldr	r2, [r3]
  29 0006 42F00102 		orr	r2, r2, #1
  30 000a 1A60     		str	r2, [r3]
  31 000c 5968     		ldr	r1, [r3, #4]
  32 000e 3A4A     		ldr	r2, .L14+4
  33 0010 0A40     		ands	r2, r2, r1
  34 0012 5A60     		str	r2, [r3, #4]
  35 0014 1A68     		ldr	r2, [r3]
  36 0016 22F08472 		bic	r2, r2, #17301504
  37 001a 22F48032 		bic	r2, r2, #65536
  38 001e 1A60     		str	r2, [r3]
  39 0020 1A68     		ldr	r2, [r3]
  40 0022 22F48022 		bic	r2, r2, #262144
  41 0026 1A60     		str	r2, [r3]
  42 0028 5A68     		ldr	r2, [r3, #4]
  43 002a 22F4FE02 		bic	r2, r2, #8323072
  44 002e 5A60     		str	r2, [r3, #4]
  45 0030 4FF41F02 		mov	r2, #10420224
  46 0034 9A60     		str	r2, [r3, #8]
  47 0036 0022     		movs	r2, #0
  48 0038 0092     		str	r2, [sp]
  49 003a 0192     		str	r2, [sp, #4]
  50 003c 1A68     		ldr	r2, [r3]
  51 003e 42F48032 		orr	r2, r2, #65536
  52 0042 1A60     		str	r2, [r3]
  53 0044 1A46     		mov	r2, r3
  54              	.L3:
  55 0046 1368     		ldr	r3, [r2]
  56 0048 03F40033 		and	r3, r3, #131072
  57 004c 0193     		str	r3, [sp, #4]
  58 004e 009B     		ldr	r3, [sp]
ARM GAS  F:\TEMP\ccdz9FYd.s 			page 2


  59 0050 0133     		adds	r3, r3, #1
  60 0052 0093     		str	r3, [sp]
  61 0054 019B     		ldr	r3, [sp, #4]
  62 0056 1BB9     		cbnz	r3, .L2
  63 0058 009B     		ldr	r3, [sp]
  64 005a B3F5A06F 		cmp	r3, #1280
  65 005e F2D1     		bne	.L3
  66              	.L2:
  67 0060 244B     		ldr	r3, .L14
  68 0062 1B68     		ldr	r3, [r3]
  69 0064 13F4003F 		tst	r3, #131072
  70 0068 14BF     		ite	ne
  71 006a 0123     		movne	r3, #1
  72 006c 0023     		moveq	r3, #0
  73 006e 0193     		str	r3, [sp, #4]
  74 0070 019B     		ldr	r3, [sp, #4]
  75 0072 012B     		cmp	r3, #1
  76 0074 05D0     		beq	.L13
  77              	.L6:
  78 0076 214B     		ldr	r3, .L14+8
  79 0078 4FF00062 		mov	r2, #134217728
  80 007c 9A60     		str	r2, [r3, #8]
  81 007e 02B0     		add	sp, sp, #8
  82              		@ sp needed
  83 0080 7047     		bx	lr
  84              	.L13:
  85 0082 1F4B     		ldr	r3, .L14+12
  86 0084 1A68     		ldr	r2, [r3]
  87 0086 42F01002 		orr	r2, r2, #16
  88 008a 1A60     		str	r2, [r3]
  89 008c 1A68     		ldr	r2, [r3]
  90 008e 22F00302 		bic	r2, r2, #3
  91 0092 1A60     		str	r2, [r3]
  92 0094 1A68     		ldr	r2, [r3]
  93 0096 42F00202 		orr	r2, r2, #2
  94 009a 1A60     		str	r2, [r3]
  95 009c A3F58053 		sub	r3, r3, #4096
  96 00a0 5A68     		ldr	r2, [r3, #4]
  97 00a2 5A60     		str	r2, [r3, #4]
  98 00a4 5A68     		ldr	r2, [r3, #4]
  99 00a6 5A60     		str	r2, [r3, #4]
 100 00a8 5A68     		ldr	r2, [r3, #4]
 101 00aa 42F48062 		orr	r2, r2, #1024
 102 00ae 5A60     		str	r2, [r3, #4]
 103 00b0 5A68     		ldr	r2, [r3, #4]
 104 00b2 22F47C12 		bic	r2, r2, #4128768
 105 00b6 5A60     		str	r2, [r3, #4]
 106 00b8 5A68     		ldr	r2, [r3, #4]
 107 00ba 42F4E812 		orr	r2, r2, #1900544
 108 00be 5A60     		str	r2, [r3, #4]
 109 00c0 1A68     		ldr	r2, [r3]
 110 00c2 42F08072 		orr	r2, r2, #16777216
 111 00c6 1A60     		str	r2, [r3]
 112 00c8 1A46     		mov	r2, r3
 113              	.L7:
 114 00ca 1368     		ldr	r3, [r2]
 115 00cc 13F0007F 		tst	r3, #33554432
ARM GAS  F:\TEMP\ccdz9FYd.s 			page 3


 116 00d0 FBD0     		beq	.L7
 117 00d2 084B     		ldr	r3, .L14
 118 00d4 5A68     		ldr	r2, [r3, #4]
 119 00d6 22F00302 		bic	r2, r2, #3
 120 00da 5A60     		str	r2, [r3, #4]
 121 00dc 5A68     		ldr	r2, [r3, #4]
 122 00de 42F00202 		orr	r2, r2, #2
 123 00e2 5A60     		str	r2, [r3, #4]
 124 00e4 1A46     		mov	r2, r3
 125              	.L8:
 126 00e6 5368     		ldr	r3, [r2, #4]
 127 00e8 03F00C03 		and	r3, r3, #12
 128 00ec 082B     		cmp	r3, #8
 129 00ee FAD1     		bne	.L8
 130 00f0 C1E7     		b	.L6
 131              	.L15:
 132 00f2 00BF     		.align	2
 133              	.L14:
 134 00f4 00100240 		.word	1073876992
 135 00f8 0000FFF8 		.word	-117506048
 136 00fc 00ED00E0 		.word	-536810240
 137 0100 00200240 		.word	1073881088
 139              		.section	.text.SystemCoreClockUpdate,"ax",%progbits
 140              		.align	1
 141              		.global	SystemCoreClockUpdate
 142              		.syntax unified
 143              		.thumb
 144              		.thumb_func
 145              		.fpu softvfp
 147              	SystemCoreClockUpdate:
 148              		@ args = 0, pretend = 0, frame = 0
 149              		@ frame_needed = 0, uses_anonymous_args = 0
 150              		@ link register save eliminated.
 151 0000 1D4B     		ldr	r3, .L24
 152 0002 5B68     		ldr	r3, [r3, #4]
 153 0004 03F00C03 		and	r3, r3, #12
 154 0008 042B     		cmp	r3, #4
 155 000a 15D0     		beq	.L17
 156 000c 082B     		cmp	r3, #8
 157 000e 17D0     		beq	.L18
 158 0010 1BB1     		cbz	r3, .L23
 159 0012 1A4B     		ldr	r3, .L24+4
 160 0014 1A4A     		ldr	r2, .L24+8
 161 0016 1A60     		str	r2, [r3]
 162 0018 02E0     		b	.L20
 163              	.L23:
 164 001a 184B     		ldr	r3, .L24+4
 165 001c 184A     		ldr	r2, .L24+8
 166 001e 1A60     		str	r2, [r3]
 167              	.L20:
 168 0020 154B     		ldr	r3, .L24
 169 0022 5B68     		ldr	r3, [r3, #4]
 170 0024 C3F30313 		ubfx	r3, r3, #4, #4
 171 0028 164A     		ldr	r2, .L24+12
 172 002a D35C     		ldrb	r3, [r2, r3]	@ zero_extendqisi2
 173 002c DAB2     		uxtb	r2, r3
 174 002e 1349     		ldr	r1, .L24+4
ARM GAS  F:\TEMP\ccdz9FYd.s 			page 4


 175 0030 0B68     		ldr	r3, [r1]
 176 0032 D340     		lsrs	r3, r3, r2
 177 0034 0B60     		str	r3, [r1]
 178 0036 7047     		bx	lr
 179              	.L17:
 180 0038 104B     		ldr	r3, .L24+4
 181 003a 114A     		ldr	r2, .L24+8
 182 003c 1A60     		str	r2, [r3]
 183 003e EFE7     		b	.L20
 184              	.L18:
 185 0040 0D4A     		ldr	r2, .L24
 186 0042 5368     		ldr	r3, [r2, #4]
 187 0044 5268     		ldr	r2, [r2, #4]
 188 0046 C3F38343 		ubfx	r3, r3, #18, #4
 189 004a 0233     		adds	r3, r3, #2
 190 004c 12F4803F 		tst	r2, #65536
 191 0050 05D1     		bne	.L21
 192 0052 0D4A     		ldr	r2, .L24+16
 193 0054 02FB03F3 		mul	r3, r2, r3
 194 0058 084A     		ldr	r2, .L24+4
 195 005a 1360     		str	r3, [r2]
 196 005c E0E7     		b	.L20
 197              	.L21:
 198 005e 064A     		ldr	r2, .L24
 199 0060 5268     		ldr	r2, [r2, #4]
 200 0062 12F4003F 		tst	r2, #131072
 201 0066 14BF     		ite	ne
 202 0068 074A     		ldrne	r2, .L24+16
 203 006a 054A     		ldreq	r2, .L24+8
 204 006c 02FB03F3 		mul	r3, r2, r3
 205 0070 024A     		ldr	r2, .L24+4
 206 0072 1360     		str	r3, [r2]
 207 0074 D4E7     		b	.L20
 208              	.L25:
 209 0076 00BF     		.align	2
 210              	.L24:
 211 0078 00100240 		.word	1073876992
 212 007c 00000000 		.word	.LANCHOR0
 213 0080 00127A00 		.word	8000000
 214 0084 00000000 		.word	.LANCHOR1
 215 0088 00093D00 		.word	4000000
 217              		.global	AHBPrescTable
 218              		.global	SystemCoreClock
 219              		.section	.data.AHBPrescTable,"aw"
 220              		.align	2
 221              		.set	.LANCHOR1,. + 0
 224              	AHBPrescTable:
 225 0000 00       		.byte	0
 226 0001 00       		.byte	0
 227 0002 00       		.byte	0
 228 0003 00       		.byte	0
 229 0004 00       		.byte	0
 230 0005 00       		.byte	0
 231 0006 00       		.byte	0
 232 0007 00       		.byte	0
 233 0008 01       		.byte	1
 234 0009 02       		.byte	2
ARM GAS  F:\TEMP\ccdz9FYd.s 			page 5


 235 000a 03       		.byte	3
 236 000b 04       		.byte	4
 237 000c 06       		.byte	6
 238 000d 07       		.byte	7
 239 000e 08       		.byte	8
 240 000f 09       		.byte	9
 241              		.section	.data.SystemCoreClock,"aw"
 242              		.align	2
 243              		.set	.LANCHOR0,. + 0
 246              	SystemCoreClock:
 247 0000 00A24A04 		.word	72000000
 248              		.ident	"GCC: (GNU MCU Eclipse ARM Embedded GCC, 64-bit) 8.2.1 20181213 (release) [gcc-8-branch rev
ARM GAS  F:\TEMP\ccdz9FYd.s 			page 6


DEFINED SYMBOLS
                            *ABS*:0000000000000000 system_stm32f10x.c
  F:\TEMP\ccdz9FYd.s:14     .text.SystemInit:0000000000000000 $t
  F:\TEMP\ccdz9FYd.s:22     .text.SystemInit:0000000000000000 SystemInit
  F:\TEMP\ccdz9FYd.s:134    .text.SystemInit:00000000000000f4 $d
  F:\TEMP\ccdz9FYd.s:140    .text.SystemCoreClockUpdate:0000000000000000 $t
  F:\TEMP\ccdz9FYd.s:147    .text.SystemCoreClockUpdate:0000000000000000 SystemCoreClockUpdate
  F:\TEMP\ccdz9FYd.s:211    .text.SystemCoreClockUpdate:0000000000000078 $d
  F:\TEMP\ccdz9FYd.s:224    .data.AHBPrescTable:0000000000000000 AHBPrescTable
  F:\TEMP\ccdz9FYd.s:246    .data.SystemCoreClock:0000000000000000 SystemCoreClock
  F:\TEMP\ccdz9FYd.s:220    .data.AHBPrescTable:0000000000000000 $d
  F:\TEMP\ccdz9FYd.s:242    .data.SystemCoreClock:0000000000000000 $d

NO UNDEFINED SYMBOLS
